awuma      Stellar    F0         EW         11:30:04.3 +29:57:53 7.450000 7.430000 7.040000 0.000000 0.000000
Dark       dark       ???        ???        00:00:00.0 +00:00:00 0.000000 0.000000 0.000000 0.000000 0.000000
ekcom      Stellar    ???        EW?        12:51:21.0 +27:13:47 0.000000 0.000000 12.070000 0.000000 0.000000
flat       Flats      ???        ???        00:00:00.0 +00:00:00 0.000000 0.000000 0.000000 0.000000 0.000000
g0396      Stellar    A0?        EW?        17:47:43.9 +46:32:32 7.450000 7.430000 11.540000 0.000000 0.000000
M3         Globular   ???        ???        13:42:16.0 +28:22:37 0.000000 0.000000 6.400000 0.000000 0.000000
M5         Globular   ???        ???        15:18:36.0 +02:05:00 0.000000 0.000000 5.800000 0.000000 0.000000
M13        Globular   ???        ???        16:41:46.0 +36:27:55 0.000000 0.000000 5.900000 0.000000 0.000000
NGC6811    Open       ???        ???        19:38:15.7 +46:34:02 0.000000 0.000000 6.800000 0.000000 0.000000
NGC7790    Open       ???        ???        23:58:27.7 +61:13:05 0.000000 0.000000 8.500000 0.000000 0.000000
NGC6883    Open       ???        ???        20:11:22.3 +35:51:13 0.000000 0.000000 8.000000 0.000000 0.000000
NGC7063    Open       ???        ???        21:24:24.0 +36:30:15 0.000000 0.000000 7.000000 0.000000 0.000000
NGC6633    Open       ???        ???        18:27:42.0 +06:34:00 0.000000 0.000000 4.600000 0.000000 0.000000
NGC6705    Open       ???        ???        18:51:05.9 -06:16:00 0.000000 0.000000 5.800000 0.000000 0.000000
M67        Open       ???        ???        08:50:21.1 +11:48:44 0.000000 0.000000 6.900000 0.000000 0.000000
M52        Open       ???        ???        23:24:12.1 +61:35:00 0.000000 0.000000 6.900000 0.000000 0.000000
SA1047     Landolt    ???        field      10:50:18.0 -00:00:23 0.000000 0.000000 0.000000 0.000000 0.000000
PG1633     Stetson    ???        field      16:35:32.7 +09:47:07 0.000000 0.000000 0.000000 0.000000 0.000000
g0179      Stellar    ???        EW?        18:21:42.1 +42:10:01 0.000000 0.000000 9.500000 0.000000 0.000000
bpvul      Stellar    ???        ???        20:25:33.3 +21:02:18 0.000000 0.000000 9.950000 0.000000 0.000000
g1151      Stellar    ???        EB         18:12:14.9 +30:55:15 0.000000 0.000000 12.600000 0.000000 0.000000
g902       Stellar    ???        ???        16:55:51.9 +24:53:36 0.000000 0.000000 11.300000 0.000000 0.000000
g1692      Stellar    ???        ???        18:23:01.3 +40:08:36 0.000000 0.000000 10.800000 0.000000 0.000000
g1841      Stellar    ???        EW         17:58:48.6 +13:29:47 0.000000 0.000000 10.600000 0.000000 0.000000
wuma       Stellar    F8V        EB         09:43:45.5 +55:57:09 0.000000 2.492000 8.500000 2.615000 -1.999000
sx_aur     Stellar    B3V+B3V    EB         05:11:42.9 +42:09:55 0.000000 0.000000 8.200000 0.000000 0.000000
jupiter    planetary  na         na         06:25:19.5 +23:25:07 0.000000 0.000000 0.000000 0.000000 0.000000
xzcmi      Stellar               EB         07:54:07.0 +03:38:54 0.000000 0.000000 9.750000 0.000000 0.000000
g1509      Stellar    ??         EB         12:33:09.3 +37:58:20 0.000000 0.000000 12.800000 0.000000 0.000000
hohen      asteroid   n/a        n/a        11:31:02.9 +02:27:20 0.000000 0.000000 12.000000 0.000000 0.000000
rscvn      Stellar    F3IV       EB         13:10:36.9 +35:56:05 0.000000 0.000000 8.140000 0.000000 0.000000
M92        Globular   ???        n/a        17:17:07.3 +43:08:11 0.000000 0.000000 6.400000 0.000000 0.000000
v508oph    Stellar    G3         eb         17:58:46.0 +13:30:18 0.000000 0.000000 10.000000 0.000000 0.000000
qxcas      stellar               eb         23:58:43.0 +61:09:40 0.000000 0.000000 10.200000 0.000000 0.000000
g0777      Stellar    Eclipsing  n/a        17:41:03.0 +27:34:36 0.000000 0.000000 12.200000 0.000000 0.000000
g1618      Stellar    n/a        EB         18:55:38.0 +40:59:00 0.000000 0.000000 13.300000 0.000000 0.000000
zzcep      Stellar    A2p        EA         22:45:02.6 +68:07:59 0.000000 0.000000 8.500000 0.000000 0.000000
iuper      Stellar    A4         EB         02:59:36.0 +43:55:24 0.000000 0.000000 10.500000 0.000000 0.000000
xtri       Stellar    A7V        EB  EA/SD  02:00:33.0 +27:53:24 0.000000 0.000000 8.600000 0.000000 0.000000
fear       Comp src   Fe-Ar      n/a        00:00:00.0 +00:00:00 0.000000 0.000000 0.000000 0.000000 0.000000
tribeta    stellar    A5III      n/a        02:09:33.0 +34:59:14 0.000000 3.140000 3.000000 0.000000 0.000000
wycnc      Stellar    G8V        EA         09:01:55.5 +26:41:24 0.000000 0.000000 9.540000 0.000000 0.000000
M45        Open       n/a        ????       03:47:00.0 +24:07:00 0.000000 0.000000 1.200000 0.000000 0.000000
rzcas      Stellar    A3V        EA/SD      02:48:55.5 +69:38:03 0.000000 0.000000 6.280000 0.000000 0.000000
rwgem      Stellar    B6V comp   EA/SD:     06:01:28.1 +23:08:28 0.000000 0.000000 9.610000 0.000000 0.000000
uvleo      Stellar    G0V+G5V?   EA/DW      10:38:20.8 +14:16:04 0.000000 0.000000 9.020000 0.000000 0.000000
M35        Open       n/a        n/a        06:09:00.0 +24:21:00 0.000000 0.000000 0.000000 0.000000 0.000000
NGC2301    Open       n/a        n/a        06:51:45.0 +00:27:00 3.000000 0.000000 0.000000 6.000000 0.000000
v566oph    variable   F4V+F4V    Ew         17:56:52.0 +04:59:13 0.000000 0.000000 7.900000 0.000000 0.000000
v344lyr    Star                             18:44:39.0 +43:22:27 5.000000 0.000000 0.000000 0.000000 0.000000
v1054cyg   Star                  SU Uma     19:28:56.0 +43:05:37 0.000000 0.000000 14.700000 0.000000 0.000000
v0506ophs  Stellar    ???        EB/DM      17:41:02.0 +07:46:54 0.000000 0.000000 11.200000 0.000000 0.000000
bnpeg      Stellar    ???        EA         21:28:02.0 +05:00:12 0.000000 0.000000 10.200000 0.000000 0.000000
foper      CV                               04:08:35.0 +51:14:48 0.000000 0.000000 0.000000 0.000000 0.000000
kucas      cv                               01:31:05.0 +57:53:42 0.000000 0.000000 0.000000 0.000000 0.000000
eqtau      Stellar    G1         EA or EW   03:48:13.0 +22:19:24 0.000000 0.000000 10.500000 0.000000 0.000000
V410aur    Stellar    G0         EB         05:01:10.0 +34:30:27 0.000000 0.000000 10.080000 0.000000 0.000000
ahaur      Stellar    G1         EW         06:28:05.0 +27:59:56 0.000000 0.000000 10.220000 0.000000 0.000000
Crab       Nebula     Pulsar     SNR        05:34:32.0 +22:00:52 0.000000 0.000000 8.900000 0.000000 0.000000
hd82621    Stellar    A0         na         09:34:48.0 +52:03:00 0.000000 0.000000 4.400000 0.000000 0.000000
hd141187   stellar    A0         na         15:47:18.0 +14:07:00 0.000000 0.000000 5.700000 0.000000 0.000000
hd150781   stellar    A0         na         16:42:24.0 +21:36:00 0.000000 0.000000 7.100000 0.000000 0.000000
hd103287   stellar    A0V        na         11:53:48.0 +53:42:00 0.000000 0.000000 2.430000 0.000000 0.000000
hd156633   Stellar    B1.5Vp+... Beta-Lyra  17:17:19.0 +33:05:54 0.000000 0.000000 4.800000 0.000000 0.000000
hd166182   Stellar    B2         NA         18:08:48.0 +20:49:00 0.000000 0.000000 4.300000 0.000000 0.000000
vwcep      stellar               EW         20:37:21.0 +75:36:00 0.000000 0.000000 7.200000 0.000000 0.000000
